{"/home/jobatista/Driven/valex-test/src/database.ts": {"path":"/home/jobatista/Driven/valex-test/src/database.ts","statementMap":{"0":{"start":{"line":3,"column":0},"end":{"line":3,"column":16}},"1":{"start":{"line":5,"column":17},"end":{"line":5,"column":19}},"2":{"start":{"line":6,"column":26},"end":{"line":8,"column":2}}},"fnMap":{},"branchMap":{},"s":{"0":1,"1":1,"2":1},"f":{},"b":{}}
,"/home/jobatista/Driven/valex-test/src/repositories/cardRepository.ts": {"path":"/home/jobatista/Driven/valex-test/src/repositories/cardRepository.ts","statementMap":{"0":{"start":{"line":29,"column":17},"end":{"line":29,"column":68}},"1":{"start":{"line":30,"column":2},"end":{"line":30,"column":21}},"2":{"start":{"line":34,"column":17},"end":{"line":36,"column":null}},"3":{"start":{"line":39,"column":2},"end":{"line":39,"column":24}},"4":{"start":{"line":46,"column":17},"end":{"line":48,"column":null}},"5":{"start":{"line":51,"column":2},"end":{"line":51,"column":24}},"6":{"start":{"line":59,"column":17},"end":{"line":64,"column":null}},"7":{"start":{"line":67,"column":2},"end":{"line":67,"column":24}},"8":{"start":{"line":82,"column":6},"end":{"line":82,"column":14}},"9":{"start":{"line":84,"column":2},"end":{"line":102,"column":4}},"10":{"start":{"line":107,"column":4},"end":{"line":110,"column":6}},"11":{"start":{"line":112,"column":2},"end":{"line":119,"column":4}},"12":{"start":{"line":123,"column":2},"end":{"line":123,"column":73}}},"fnMap":{"0":{"name":"find","decl":{"start":{"line":28,"column":22},"end":{"line":28,"column":26}},"loc":{"start":{"line":28,"column":26},"end":{"line":31,"column":null}}},"1":{"name":"findById","decl":{"start":{"line":33,"column":22},"end":{"line":33,"column":30}},"loc":{"start":{"line":33,"column":41},"end":{"line":40,"column":null}}},"2":{"name":"findByTypeAndEmployeeId","decl":{"start":{"line":42,"column":22},"end":{"line":42,"column":45}},"loc":{"start":{"line":44,"column":20},"end":{"line":52,"column":null}}},"3":{"name":"findByCardDetails","decl":{"start":{"line":54,"column":22},"end":{"line":54,"column":39}},"loc":{"start":{"line":57,"column":24},"end":{"line":68,"column":null}}},"4":{"name":"insert","decl":{"start":{"line":70,"column":22},"end":{"line":70,"column":28}},"loc":{"start":{"line":70,"column":53},"end":{"line":103,"column":null}}},"5":{"name":"update","decl":{"start":{"line":105,"column":22},"end":{"line":105,"column":28}},"loc":{"start":{"line":105,"column":65},"end":{"line":120,"column":null}}},"6":{"name":"remove","decl":{"start":{"line":122,"column":22},"end":{"line":122,"column":28}},"loc":{"start":{"line":122,"column":39},"end":{"line":124,"column":null}}}},"branchMap":{},"s":{"0":0,"1":0,"2":0,"3":0,"4":0,"5":0,"6":0,"7":0,"8":0,"9":0,"10":0,"11":0,"12":0},"f":{"0":0,"1":0,"2":0,"3":0,"4":0,"5":0,"6":0},"b":{}}
,"/home/jobatista/Driven/valex-test/src/repositories/companyRepository.ts": {"path":"/home/jobatista/Driven/valex-test/src/repositories/companyRepository.ts","statementMap":{"0":{"start":{"line":10,"column":17},"end":{"line":12,"column":null}},"1":{"start":{"line":15,"column":2},"end":{"line":15,"column":24}}},"fnMap":{"0":{"name":"findByApiKey","decl":{"start":{"line":9,"column":22},"end":{"line":9,"column":34}},"loc":{"start":{"line":9,"column":49},"end":{"line":16,"column":null}}}},"branchMap":{},"s":{"0":0,"1":0},"f":{"0":0},"b":{}}
,"/home/jobatista/Driven/valex-test/src/repositories/employeeRepository.ts": {"path":"/home/jobatista/Driven/valex-test/src/repositories/employeeRepository.ts","statementMap":{"0":{"start":{"line":12,"column":17},"end":{"line":14,"column":null}},"1":{"start":{"line":17,"column":2},"end":{"line":17,"column":24}}},"fnMap":{"0":{"name":"findById","decl":{"start":{"line":11,"column":22},"end":{"line":11,"column":30}},"loc":{"start":{"line":11,"column":41},"end":{"line":18,"column":null}}}},"branchMap":{},"s":{"0":0,"1":0},"f":{"0":0},"b":{}}
,"/home/jobatista/Driven/valex-test/src/services/cardService.ts": {"path":"/home/jobatista/Driven/valex-test/src/services/cardService.ts","statementMap":{"0":{"start":{"line":15,"column":2},"end":{"line":15,"column":52}},"1":{"start":{"line":17,"column":19},"end":{"line":17,"column":60}},"2":{"start":{"line":19,"column":23},"end":{"line":21,"column":null}},"3":{"start":{"line":23,"column":2},"end":{"line":25,"column":null}},"4":{"start":{"line":24,"column":4},"end":{"line":24,"column":31}},"5":{"start":{"line":27,"column":19},"end":{"line":27,"column":54}},"6":{"start":{"line":29,"column":2},"end":{"line":35,"column":5}},"7":{"start":{"line":39,"column":17},"end":{"line":39,"column":61}},"8":{"start":{"line":40,"column":25},"end":{"line":40,"column":59}},"9":{"start":{"line":41,"column":25},"end":{"line":41,"column":63}},"10":{"start":{"line":43,"column":29},"end":{"line":43,"column":52}},"11":{"start":{"line":45,"column":2},"end":{"line":50,"column":4}},"12":{"start":{"line":54,"column":2},"end":{"line":54,"column":23}},"13":{"start":{"line":58,"column":2},"end":{"line":58,"column":48}},"14":{"start":{"line":58,"column":30},"end":{"line":58,"column":48}},"15":{"start":{"line":62,"column":37},"end":{"line":62,"column":56}},"16":{"start":{"line":63,"column":19},"end":{"line":63,"column":35}},"17":{"start":{"line":64,"column":22},"end":{"line":66,"column":30}},"18":{"start":{"line":68,"column":2},"end":{"line":70,"column":null}},"19":{"start":{"line":69,"column":4},"end":{"line":69,"column":70}},"20":{"start":{"line":72,"column":2},"end":{"line":72,"column":55}},"21":{"start":{"line":76,"column":23},"end":{"line":76,"column":52}},"22":{"start":{"line":77,"column":2},"end":{"line":77,"column":28}},"23":{"start":{"line":79,"column":2},"end":{"line":79,"column":42}},"24":{"start":{"line":83,"column":15},"end":{"line":83,"column":32}},"25":{"start":{"line":85,"column":2},"end":{"line":85,"column":52}},"26":{"start":{"line":86,"column":2},"end":{"line":86,"column":44}},"27":{"start":{"line":88,"column":26},"end":{"line":88,"column":39}},"28":{"start":{"line":89,"column":2},"end":{"line":91,"column":null}},"29":{"start":{"line":90,"column":4},"end":{"line":90,"column":34}},"30":{"start":{"line":93,"column":31},"end":{"line":93,"column":40}},"31":{"start":{"line":94,"column":2},"end":{"line":96,"column":null}},"32":{"start":{"line":95,"column":4},"end":{"line":95,"column":34}},"33":{"start":{"line":98,"column":25},"end":{"line":98,"column":54}},"34":{"start":{"line":99,"column":2},"end":{"line":99,"column":64}},"35":{"start":{"line":103,"column":16},"end":{"line":103,"column":39}},"36":{"start":{"line":104,"column":2},"end":{"line":106,"column":null}},"37":{"start":{"line":105,"column":4},"end":{"line":105,"column":34}},"38":{"start":{"line":110,"column":15},"end":{"line":110,"column":48}},"39":{"start":{"line":111,"column":2},"end":{"line":113,"column":null}},"40":{"start":{"line":112,"column":4},"end":{"line":112,"column":32}},"41":{"start":{"line":114,"column":2},"end":{"line":114,"column":14}},"42":{"start":{"line":118,"column":21},"end":{"line":118,"column":53}},"43":{"start":{"line":119,"column":2},"end":{"line":121,"column":null}},"44":{"start":{"line":120,"column":4},"end":{"line":120,"column":35}},"45":{"start":{"line":125,"column":26},"end":{"line":125,"column":68}},"46":{"start":{"line":126,"column":2},"end":{"line":128,"column":null}},"47":{"start":{"line":127,"column":4},"end":{"line":127,"column":35}}},"fnMap":{"0":{"name":"create","decl":{"start":{"line":10,"column":22},"end":{"line":10,"column":28}},"loc":{"start":{"line":13,"column":24},"end":{"line":36,"column":null}}},"1":{"name":"generateCardData","decl":{"start":{"line":38,"column":9},"end":{"line":38,"column":25}},"loc":{"start":{"line":38,"column":46},"end":{"line":51,"column":1}}},"2":{"name":"getMiddleNameInitial","decl":{"start":{"line":53,"column":9},"end":{"line":53,"column":29}},"loc":{"start":{"line":53,"column":48},"end":{"line":55,"column":1}}},"3":{"name":"filterTwoLetterMiddleName","decl":{"start":{"line":57,"column":9},"end":{"line":57,"column":34}},"loc":{"start":{"line":57,"column":53},"end":{"line":59,"column":1}}},"4":{"name":"formatCardholderName","decl":{"start":{"line":61,"column":9},"end":{"line":61,"column":29}},"loc":{"start":{"line":61,"column":46},"end":{"line":73,"column":1}}},"5":{"name":"getHashedSecurityCode","decl":{"start":{"line":75,"column":9},"end":{"line":75,"column":30}},"loc":{"start":{"line":75,"column":30},"end":{"line":80,"column":1}}},"6":{"name":"activate","decl":{"start":{"line":82,"column":22},"end":{"line":82,"column":30}},"loc":{"start":{"line":82,"column":72},"end":{"line":100,"column":null}}},"7":{"name":"validateExpirationDateOrFail","decl":{"start":{"line":102,"column":16},"end":{"line":102,"column":44}},"loc":{"start":{"line":102,"column":67},"end":{"line":107,"column":1}}},"8":{"name":"getById","decl":{"start":{"line":109,"column":22},"end":{"line":109,"column":29}},"loc":{"start":{"line":109,"column":40},"end":{"line":115,"column":null}}},"9":{"name":"validateCVCOrFail","decl":{"start":{"line":117,"column":16},"end":{"line":117,"column":33}},"loc":{"start":{"line":117,"column":62},"end":{"line":122,"column":1}}},"10":{"name":"validatePasswordOrFail","decl":{"start":{"line":124,"column":16},"end":{"line":124,"column":38}},"loc":{"start":{"line":124,"column":77},"end":{"line":129,"column":1}}}},"branchMap":{"0":{"loc":{"start":{"line":23,"column":2},"end":{"line":25,"column":null}},"type":"if","locations":[{"start":{"line":23,"column":2},"end":{"line":25,"column":null}}]},"1":{"loc":{"start":{"line":58,"column":2},"end":{"line":58,"column":48}},"type":"if","locations":[{"start":{"line":58,"column":2},"end":{"line":58,"column":48}}]},"2":{"loc":{"start":{"line":68,"column":2},"end":{"line":70,"column":null}},"type":"if","locations":[{"start":{"line":68,"column":2},"end":{"line":70,"column":null}}]},"3":{"loc":{"start":{"line":89,"column":2},"end":{"line":91,"column":null}},"type":"if","locations":[{"start":{"line":89,"column":2},"end":{"line":91,"column":null}}]},"4":{"loc":{"start":{"line":94,"column":2},"end":{"line":96,"column":null}},"type":"if","locations":[{"start":{"line":94,"column":2},"end":{"line":96,"column":null}}]},"5":{"loc":{"start":{"line":104,"column":2},"end":{"line":106,"column":null}},"type":"if","locations":[{"start":{"line":104,"column":2},"end":{"line":106,"column":null}}]},"6":{"loc":{"start":{"line":111,"column":2},"end":{"line":113,"column":null}},"type":"if","locations":[{"start":{"line":111,"column":2},"end":{"line":113,"column":null}}]},"7":{"loc":{"start":{"line":119,"column":2},"end":{"line":121,"column":null}},"type":"if","locations":[{"start":{"line":119,"column":2},"end":{"line":121,"column":null}}]},"8":{"loc":{"start":{"line":126,"column":2},"end":{"line":128,"column":null}},"type":"if","locations":[{"start":{"line":126,"column":2},"end":{"line":128,"column":null}}]}},"s":{"0":2,"1":2,"2":2,"3":2,"4":1,"5":1,"6":1,"7":1,"8":1,"9":1,"10":1,"11":1,"12":1,"13":1,"14":1,"15":1,"16":1,"17":1,"18":1,"19":1,"20":0,"21":1,"22":1,"23":1,"24":4,"25":4,"26":4,"27":3,"28":3,"29":1,"30":2,"31":2,"32":1,"33":1,"34":1,"35":4,"36":4,"37":0,"38":4,"39":4,"40":0,"41":4,"42":4,"43":4,"44":1,"45":2,"46":2,"47":1},"f":{"0":2,"1":1,"2":1,"3":1,"4":1,"5":1,"6":4,"7":4,"8":4,"9":4,"10":2},"b":{"0":[1],"1":[1],"2":[1],"3":[1],"4":[1],"5":[0],"6":[0],"7":[1],"8":[1]}}
,"/home/jobatista/Driven/valex-test/src/services/companyService.ts": {"path":"/home/jobatista/Driven/valex-test/src/services/companyService.ts","statementMap":{"0":{"start":{"line":4,"column":18},"end":{"line":4,"column":62}},"1":{"start":{"line":5,"column":2},"end":{"line":7,"column":null}},"2":{"start":{"line":6,"column":4},"end":{"line":6,"column":35}}},"fnMap":{"0":{"name":"validateApiKeyOrFail","decl":{"start":{"line":3,"column":22},"end":{"line":3,"column":42}},"loc":{"start":{"line":3,"column":57},"end":{"line":8,"column":null}}}},"branchMap":{"0":{"loc":{"start":{"line":5,"column":2},"end":{"line":7,"column":null}},"type":"if","locations":[{"start":{"line":5,"column":2},"end":{"line":7,"column":null}}]}},"s":{"0":0,"1":0,"2":0},"f":{"0":0},"b":{"0":[0]}}
,"/home/jobatista/Driven/valex-test/src/services/employeeService.ts": {"path":"/home/jobatista/Driven/valex-test/src/services/employeeService.ts","statementMap":{"0":{"start":{"line":4,"column":19},"end":{"line":4,"column":56}},"1":{"start":{"line":5,"column":2},"end":{"line":7,"column":null}},"2":{"start":{"line":6,"column":4},"end":{"line":6,"column":34}},"3":{"start":{"line":9,"column":2},"end":{"line":9,"column":18}}},"fnMap":{"0":{"name":"getById","decl":{"start":{"line":3,"column":22},"end":{"line":3,"column":29}},"loc":{"start":{"line":3,"column":40},"end":{"line":10,"column":null}}}},"branchMap":{"0":{"loc":{"start":{"line":5,"column":2},"end":{"line":7,"column":null}},"type":"if","locations":[{"start":{"line":5,"column":2},"end":{"line":7,"column":null}}]}},"s":{"0":0,"1":0,"2":0,"3":0},"f":{"0":0},"b":{"0":[0]}}
,"/home/jobatista/Driven/valex-test/utils/sqlUtils.ts": {"path":"/home/jobatista/Driven/valex-test/utils/sqlUtils.ts","statementMap":{"0":{"start":{"line":2,"column":24},"end":{"line":4,"column":14}},"1":{"start":{"line":3,"column":25},"end":{"line":3,"column":54}},"2":{"start":{"line":5,"column":23},"end":{"line":5,"column":44}},"3":{"start":{"line":7,"column":2},"end":{"line":7,"column":41}}},"fnMap":{"0":{"name":"mapObjectToUpdateQuery","decl":{"start":{"line":1,"column":16},"end":{"line":1,"column":38}},"loc":{"start":{"line":1,"column":61},"end":{"line":8,"column":1}}},"1":{"name":"(anonymous_1)","decl":{"start":{"line":3,"column":9},"end":{"line":3,"column":10}},"loc":{"start":{"line":3,"column":25},"end":{"line":3,"column":54}}}},"branchMap":{"0":{"loc":{"start":{"line":1,"column":49},"end":{"line":1,"column":59}},"type":"default-arg","locations":[{"start":{"line":1,"column":58},"end":{"line":1,"column":59}}]}},"s":{"0":0,"1":0,"2":0,"3":0},"f":{"0":0,"1":0},"b":{"0":[0]}}
}
