TN:
SF:src/database.ts
FNF:0
FNH:0
DA:3,1
DA:5,1
DA:6,1
LF:3
LH:3
BRF:0
BRH:0
end_of_record
TN:
SF:src/repositories/cardRepository.ts
FN:28,find
FN:33,findById
FN:42,findByTypeAndEmployeeId
FN:54,findByCardDetails
FN:70,insert
FN:105,update
FN:122,remove
FNF:7
FNH:0
FNDA:0,find
FNDA:0,findById
FNDA:0,findByTypeAndEmployeeId
FNDA:0,findByCardDetails
FNDA:0,insert
FNDA:0,update
FNDA:0,remove
DA:29,0
DA:30,0
DA:34,0
DA:39,0
DA:46,0
DA:51,0
DA:59,0
DA:67,0
DA:82,0
DA:84,0
DA:107,0
DA:112,0
DA:123,0
LF:13
LH:0
BRF:0
BRH:0
end_of_record
TN:
SF:src/repositories/companyRepository.ts
FN:9,findByApiKey
FNF:1
FNH:0
FNDA:0,findByApiKey
DA:10,0
DA:15,0
LF:2
LH:0
BRF:0
BRH:0
end_of_record
TN:
SF:src/repositories/employeeRepository.ts
FN:11,findById
FNF:1
FNH:0
FNDA:0,findById
DA:12,0
DA:17,0
LF:2
LH:0
BRF:0
BRH:0
end_of_record
TN:
SF:src/services/cardService.ts
FN:10,create
FN:38,generateCardData
FN:53,getMiddleNameInitial
FN:57,filterTwoLetterMiddleName
FN:61,formatCardholderName
FN:75,getHashedSecurityCode
FN:82,activate
FN:102,validateExpirationDateOrFail
FN:109,getById
FN:117,validateCVCOrFail
FN:124,validatePasswordOrFail
FNF:11
FNH:11
FNDA:2,create
FNDA:1,generateCardData
FNDA:1,getMiddleNameInitial
FNDA:1,filterTwoLetterMiddleName
FNDA:1,formatCardholderName
FNDA:1,getHashedSecurityCode
FNDA:4,activate
FNDA:4,validateExpirationDateOrFail
FNDA:4,getById
FNDA:4,validateCVCOrFail
FNDA:2,validatePasswordOrFail
DA:15,2
DA:17,2
DA:19,2
DA:23,2
DA:24,1
DA:27,1
DA:29,1
DA:39,1
DA:40,1
DA:41,1
DA:43,1
DA:45,1
DA:54,1
DA:58,1
DA:62,1
DA:63,1
DA:64,1
DA:68,1
DA:69,1
DA:72,0
DA:76,1
DA:77,1
DA:79,1
DA:83,4
DA:85,4
DA:86,4
DA:88,3
DA:89,3
DA:90,1
DA:93,2
DA:94,2
DA:95,1
DA:98,1
DA:99,1
DA:103,4
DA:104,4
DA:105,0
DA:110,4
DA:111,4
DA:112,0
DA:114,4
DA:118,4
DA:119,4
DA:120,1
DA:125,2
DA:126,2
DA:127,1
LF:47
LH:44
BRDA:23,0,0,1
BRDA:58,1,0,1
BRDA:68,2,0,1
BRDA:89,3,0,1
BRDA:94,4,0,1
BRDA:104,5,0,0
BRDA:111,6,0,0
BRDA:119,7,0,1
BRDA:126,8,0,1
BRF:9
BRH:7
end_of_record
TN:
SF:src/services/companyService.ts
FN:3,validateApiKeyOrFail
FNF:1
FNH:0
FNDA:0,validateApiKeyOrFail
DA:4,0
DA:5,0
DA:6,0
LF:3
LH:0
BRDA:5,0,0,0
BRF:1
BRH:0
end_of_record
TN:
SF:src/services/employeeService.ts
FN:3,getById
FNF:1
FNH:0
FNDA:0,getById
DA:4,0
DA:5,0
DA:6,0
DA:9,0
LF:4
LH:0
BRDA:5,0,0,0
BRF:1
BRH:0
end_of_record
TN:
SF:utils/sqlUtils.ts
FN:1,mapObjectToUpdateQuery
FN:3,(anonymous_1)
FNF:2
FNH:0
FNDA:0,mapObjectToUpdateQuery
FNDA:0,(anonymous_1)
DA:2,0
DA:3,0
DA:5,0
DA:7,0
LF:4
LH:0
BRDA:1,0,0,0
BRF:1
BRH:0
end_of_record
